Send Log2023/01/19 11:39:30 [Message Sennd] Sender: 66647427654 Receiver: 66977063999 Message: ภาษาไทยERROR
Send Log2023/01/19 11:40:12 [Message Sennd] Sender: 66647427654 Receiver: 66977063999 Message: ทดสอบ-ภาษาไทย(ENG){123}[!@#$]
Send Log2023/01/19 14:47:02 [Message Sennd] Sender: 66647427654 Receiver: 66977063999 Message: ทดสอบ-ภาษาไทย(ENG){123}[!@#$]
Send Log2023/01/19 14:53:24 [Message Sennd] Sender: 66647427654 Receiver: 66977063999 Message: ทดสอบ-ภาษาไทย(ENG){123}[!@#$]
Send Log2023/01/19 14:59:12 [Message Sennd] Sender: 66647427654 Receiver: 66977063999 Message: ทดสอบ-ภาษาไทย(ENG){123}[!@#$]
Send Log2023/01/19 15:03:13 [Message Sennd] Sender: 66647427654 Receiver: 66977063999 Message: ทดสอบ-ภาษาไทย(ENG){123}[!@#$]
Send Log2023/01/19 15:14:56 [Message Sennd] Sender: 66647427654 Receiver: 66647427654 Message: ทดสอบ-ภาษาไทย(ENG){123}[!@#$]
Send Log2023/01/19 15:16:23 [Message Sennd] Sender: 66647427654 Receiver: 66647427654 Message: ทดสอบ-ภาษาไทย(ENG){123}[!@#$]
Send Log2023/01/19 15:16:35 [Message Sennd] Sender: 66647427654 Receiver: 66647427654 Message: ทดสอบ-ภาษาไทย(ENG){123}[!@#$]
Send Log2023/01/20 16:09:19 [Message Sennd] Sender: 66647427654 Receiver: 66647427654 Message: ทดสอบ-ภาษาไทย(ENG){123}[!@#$]
Send Log2023/01/23 15:41:20 [Message Sennd] Sender: 66647427654 Receiver: 66647427654 Message: ทดสอบ-ภาษาไทย(ENG){123}[!@#$]
Send Log2023/01/23 15:45:42 [Message Sennd] Sender: 0977063999 Receiver: 66647427654 Message: TEST
Send Log2023/01/23 15:48:58 [Message Sennd] Sender: 0977063999 Receiver: 66647427654 Message: TEST
Send Log2023/01/23 15:50:12 [Message Sennd] Sender: 0977063999 Receiver: 66647427654 Message: TEST
Send Log2023/01/23 15:52:38 [Message Sennd] Sender: 0977063999 Receiver: 66647427654 Message: TEST
Send Log2023/01/23 15:53:52 [Message Sennd] Sender: 0977063999 Receiver: 66647427654 Message: TEST
Send Log2023/01/23 15:56:31 [Message Sennd] Sender: 0977063999 Receiver: 66647427654 Message: TEST
Send Log2023/01/23 15:56:45 [Message Sennd] Sender: 0977063999 Receiver: 66647427654 Message: TEST
Send Log2023/01/23 15:57:17 [Message Sennd] Sender: 0977063999 Receiver: 66647427654 Message: TEST
Send Log2023/01/23 16:02:53 [Message Sennd] Sender: 0977063999 Receiver: 66647427654 Message: TEST
Send Log2023/01/23 16:05:46 [Message Sennd] Sender: 0977063999 Receiver: 66647427654 Message: TEST
Send Log2023/01/23 16:06:27 [Message Sennd] Sender: 0977063999 Receiver: 66647427654 Message: test213
Send Log2023/01/23 16:06:37 [Message Sennd] Sender: 66647427654 Receiver: 66647427654 Message: ทดสอบ-ภาษาไทย(ENG){123}[!@#$]
Send Log2023/01/23 16:29:40 [Message Sennd] Sender: 66647427654 Receiver: 66647427654 Message: ทดสอบ-ภาษาไทย(ENG){123}[!@#$]
Send Log2023/01/23 16:32:29 [Message Sennd] Sender: 66647427654 Receiver: 66647427654 Message: ทดสอบ-ภาษาไทย(ENG){123}[!@#$]
Send Log2023/01/23 16:32:34 [Message Sennd] Sender: 66647427654 Receiver: 66647427654 Message: ทดสอบ-ภาษาไทย(ENG){123}[!@#$]
Send Log2023/01/24 09:32:45 [Message Sennd] Sender: 0977063999 Receiver: 66647427654 Message: FF
Send Log2023/01/24 09:33:56 [Message Sennd] Sender: 0977063999 Receiver: 66647427654 Message: ASDQW
Send Log2023/01/25 09:38:12 [Message Sennd] Sender: 0977063999 Receiver: 66647427654 Message: สวัสดีครับ
Send Log2023/01/25 10:12:23 [Message Sennd] Sender: 0977063999 Receiver: 66647427654 Message: สวัสดีครับ
Send Log2023/01/25 10:13:34 [Message Sennd] Sender: 0977063999 Receiver: 66647427654 Message: TEST
Send Log2023/01/25 10:31:47 [Message Sennd] Sender: 0977063999 Receiver: 66647427654 Message: สวัสดีครับ Username: Chawanan
Send Log2023/01/25 10:37:45 [Message Sennd] Sender: 0977063999 Receiver: 66647427654 Message: สวัสดีครับ Username: Chawanan
Send Log2023/01/25 10:40:11 [Message Sennd] Sender: 0977063999 Receiver: 66647427654 Message: สวัสดีครับ Username: Chawanan UserId: 1
Send Log2023/01/25 10:44:09 [Message Sennd] Sender: 0977063999 Receiver: 66647427654 Message: สวัสดีครับ Username: Chawanan UserId: 1
Send Log2023/01/25 10:46:19 [Message Sennd] Sender: 0977063999 Receiver: 66647427654 Message: TEST Username: Chawanan UserId: 1
Send Log2023/01/25 10:48:31 [Message Sennd] Sender: 0977063999 Receiver: 66647427654 Message: s Username: Chawanan UserId: 1
Send Log2023/01/25 10:51:14 [Message Sennd] Sender: 0977063999 Receiver: 66647427654 Message: EE Username: Chawanan UserId: 1
Send Log2023/01/25 10:53:47 [Message Sennd] Sender: 0977063999 Receiver: 66647427654 Message: TEST Username: Chawanan UserId: 1
Send Log2023/01/25 10:55:49 [Message Sennd] Sender: 0977063999 Receiver: 66647427654 Message: Sawadee Username: Chawanan UserId: 1
Send Log2023/01/25 10:58:42 [Message Sennd] Sender: 0977063999 Receiver: 66647427654 Message: asd Username: Chawanan UserId: 1
Send Log2023/01/25 10:59:26 [Message Sennd] Sender: 0977063999 Receiver: 66647427654 Message: t Username: Chawanan UserId: 1
Send Log2023/01/25 11:04:09 [Message Sennd] Sender: 0977063999 Receiver: 66647427654 Message: adwqd Username: Chawanan UserId: 1
Send Log2023/01/25 11:04:29 [Message Sennd] Sender: 0977063999 Receiver: 66647427654 Message: 99 Username: Chawanan UserId: 1
Send Log2023/01/25 13:52:44 [Message Sennd] Sender: 0977063999 Receiver: 66647427654 Message: TEST Username: Chawanan UserId: 1
Send Log2023/01/25 13:59:28 [Message Sennd] Sender: 0977063999 Receiver: 66647427654 Message: ฟหกด Username: Chawanan UserId: 1
Send Log2023/01/25 14:01:04 [Message Sennd] Sender: 0977063999 Receiver: 66647427654 Message: asdwqesssss Username: Chawanan UserId: 1
Send Log2023/01/25 14:02:00 [Message Sennd] Sender: 0977063999 Receiver: 66647427654 Message: O_o Username: Chawanan UserId: 1
Send Log2023/01/25 14:21:03 [Message Sennd] Sender: 0977063999 Receiver: 66647427654 Message: asdwqdqr Username: Chawanan UserId: 1
Send Log2023/01/25 14:35:08 [Message Sennd] Sender: 0977063999 Receiver: 0647427654 Message: สวัสดีครับ Username: Chawanan UserId: 1
Send Log2023/01/25 14:35:22 [Message Sennd] Sender: 0977063999 Receiver: 0647427654 Message: สวัสดีครับ Username: Chawanan UserId: 1
Send Log2023/01/25 14:42:36 [Message Sennd] Sender: 0977063999 Receiver: 0647427654 Message: สวัสดีครับ Username: Chawanan UserId: 1
Send Log2023/01/26 10:06:49 [Message Sennd] Sender: 0977063999 Receiver: 0647427654 Message: สวัสดี คอนเอกซ์ Username: Chawanan UserId: 1
Send Log2023/01/26 11:28:49 [Message Sennd] Sender: 0977063999 Receiver: 0647427654 Message: คอนเอกซ์ Username: Chawanan UserId: 1
Send Log2023/01/31 10:57:11 [Message Sennd] Sender: 0977063999 Receiver: 0647427654 Message: ทดสอบ 10.22 Username: ConnX CWN UserId: 1
